Start testing: May 07 15:00 EDT
----------------------------------------------------------
1/13 Testing: FIFOCacheTest.BasicEviction
1/13 Test: FIFOCacheTest.BasicEviction
Command: "/Users/26ru/CLionProjects/Alcove/build/CacheTests" "--gtest_filter=FIFOCacheTest.BasicEviction" "--gtest_also_run_disabled_tests"
Directory: /Users/26ru/CLionProjects/Alcove/build
"FIFOCacheTest.BasicEviction" start time: May 07 15:00 EDT
Output:
----------------------------------------------------------
Running main() from /Users/26ru/CLionProjects/Alcove/build/_deps/googletest-src/googletest/src/gtest_main.cc
Note: Google Test filter = FIFOCacheTest.BasicEviction
[==========] Running 1 test from 1 test suite.
[----------] Global test environment set-up.
[----------] 1 test from FIFOCacheTest
[ RUN      ] FIFOCacheTest.BasicEviction
[       OK ] FIFOCacheTest.BasicEviction (0 ms)
[----------] 1 test from FIFOCacheTest (0 ms total)

[----------] Global test environment tear-down
[==========] 1 test from 1 test suite ran. (0 ms total)
[  PASSED  ] 1 test.
<end of output>
Test time =   0.02 sec
----------------------------------------------------------
Test Passed.
"FIFOCacheTest.BasicEviction" end time: May 07 15:00 EDT
"FIFOCacheTest.BasicEviction" time elapsed: 00:00:00
----------------------------------------------------------

2/13 Testing: FIFOCacheTest.ZeroCapacity
2/13 Test: FIFOCacheTest.ZeroCapacity
Command: "/Users/26ru/CLionProjects/Alcove/build/CacheTests" "--gtest_filter=FIFOCacheTest.ZeroCapacity" "--gtest_also_run_disabled_tests"
Directory: /Users/26ru/CLionProjects/Alcove/build
"FIFOCacheTest.ZeroCapacity" start time: May 07 15:00 EDT
Output:
----------------------------------------------------------
Running main() from /Users/26ru/CLionProjects/Alcove/build/_deps/googletest-src/googletest/src/gtest_main.cc
Note: Google Test filter = FIFOCacheTest.ZeroCapacity
[==========] Running 1 test from 1 test suite.
[----------] Global test environment set-up.
[----------] 1 test from FIFOCacheTest
[ RUN      ] FIFOCacheTest.ZeroCapacity
[       OK ] FIFOCacheTest.ZeroCapacity (0 ms)
[----------] 1 test from FIFOCacheTest (0 ms total)

[----------] Global test environment tear-down
[==========] 1 test from 1 test suite ran. (0 ms total)
[  PASSED  ] 1 test.
<end of output>
Test time =   0.02 sec
----------------------------------------------------------
Test Passed.
"FIFOCacheTest.ZeroCapacity" end time: May 07 15:00 EDT
"FIFOCacheTest.ZeroCapacity" time elapsed: 00:00:00
----------------------------------------------------------

3/13 Testing: FIFOCacheTest.UpdateExistingKey
3/13 Test: FIFOCacheTest.UpdateExistingKey
Command: "/Users/26ru/CLionProjects/Alcove/build/CacheTests" "--gtest_filter=FIFOCacheTest.UpdateExistingKey" "--gtest_also_run_disabled_tests"
Directory: /Users/26ru/CLionProjects/Alcove/build
"FIFOCacheTest.UpdateExistingKey" start time: May 07 15:00 EDT
Output:
----------------------------------------------------------
Running main() from /Users/26ru/CLionProjects/Alcove/build/_deps/googletest-src/googletest/src/gtest_main.cc
Note: Google Test filter = FIFOCacheTest.UpdateExistingKey
[==========] Running 1 test from 1 test suite.
[----------] Global test environment set-up.
[----------] 1 test from FIFOCacheTest
[ RUN      ] FIFOCacheTest.UpdateExistingKey
[       OK ] FIFOCacheTest.UpdateExistingKey (0 ms)
[----------] 1 test from FIFOCacheTest (0 ms total)

[----------] Global test environment tear-down
[==========] 1 test from 1 test suite ran. (0 ms total)
[  PASSED  ] 1 test.
<end of output>
Test time =   0.01 sec
----------------------------------------------------------
Test Passed.
"FIFOCacheTest.UpdateExistingKey" end time: May 07 15:00 EDT
"FIFOCacheTest.UpdateExistingKey" time elapsed: 00:00:00
----------------------------------------------------------

4/13 Testing: FIFOCacheTest.MemoryComputation
4/13 Test: FIFOCacheTest.MemoryComputation
Command: "/Users/26ru/CLionProjects/Alcove/build/CacheTests" "--gtest_filter=FIFOCacheTest.MemoryComputation" "--gtest_also_run_disabled_tests"
Directory: /Users/26ru/CLionProjects/Alcove/build
"FIFOCacheTest.MemoryComputation" start time: May 07 15:00 EDT
Output:
----------------------------------------------------------
Running main() from /Users/26ru/CLionProjects/Alcove/build/_deps/googletest-src/googletest/src/gtest_main.cc
Note: Google Test filter = FIFOCacheTest.MemoryComputation
[==========] Running 1 test from 1 test suite.
[----------] Global test environment set-up.
[----------] 1 test from FIFOCacheTest
[ RUN      ] FIFOCacheTest.MemoryComputation
[       OK ] FIFOCacheTest.MemoryComputation (0 ms)
[----------] 1 test from FIFOCacheTest (0 ms total)

[----------] Global test environment tear-down
[==========] 1 test from 1 test suite ran. (0 ms total)
[  PASSED  ] 1 test.
<end of output>
Test time =   0.01 sec
----------------------------------------------------------
Test Passed.
"FIFOCacheTest.MemoryComputation" end time: May 07 15:00 EDT
"FIFOCacheTest.MemoryComputation" time elapsed: 00:00:00
----------------------------------------------------------

5/13 Testing: LRUCacheTest.BasicEviction
5/13 Test: LRUCacheTest.BasicEviction
Command: "/Users/26ru/CLionProjects/Alcove/build/CacheTests" "--gtest_filter=LRUCacheTest.BasicEviction" "--gtest_also_run_disabled_tests"
Directory: /Users/26ru/CLionProjects/Alcove/build
"LRUCacheTest.BasicEviction" start time: May 07 15:00 EDT
Output:
----------------------------------------------------------
Running main() from /Users/26ru/CLionProjects/Alcove/build/_deps/googletest-src/googletest/src/gtest_main.cc
Note: Google Test filter = LRUCacheTest.BasicEviction
[==========] Running 1 test from 1 test suite.
[----------] Global test environment set-up.
[----------] 1 test from LRUCacheTest
[ RUN      ] LRUCacheTest.BasicEviction
[       OK ] LRUCacheTest.BasicEviction (0 ms)
[----------] 1 test from LRUCacheTest (0 ms total)

[----------] Global test environment tear-down
[==========] 1 test from 1 test suite ran. (0 ms total)
[  PASSED  ] 1 test.
<end of output>
Test time =   0.01 sec
----------------------------------------------------------
Test Passed.
"LRUCacheTest.BasicEviction" end time: May 07 15:00 EDT
"LRUCacheTest.BasicEviction" time elapsed: 00:00:00
----------------------------------------------------------

6/13 Testing: LRUCacheTest.ZeroCapacity
6/13 Test: LRUCacheTest.ZeroCapacity
Command: "/Users/26ru/CLionProjects/Alcove/build/CacheTests" "--gtest_filter=LRUCacheTest.ZeroCapacity" "--gtest_also_run_disabled_tests"
Directory: /Users/26ru/CLionProjects/Alcove/build
"LRUCacheTest.ZeroCapacity" start time: May 07 15:00 EDT
Output:
----------------------------------------------------------
Running main() from /Users/26ru/CLionProjects/Alcove/build/_deps/googletest-src/googletest/src/gtest_main.cc
Note: Google Test filter = LRUCacheTest.ZeroCapacity
[==========] Running 1 test from 1 test suite.
[----------] Global test environment set-up.
[----------] 1 test from LRUCacheTest
[ RUN      ] LRUCacheTest.ZeroCapacity
[       OK ] LRUCacheTest.ZeroCapacity (0 ms)
[----------] 1 test from LRUCacheTest (0 ms total)

[----------] Global test environment tear-down
[==========] 1 test from 1 test suite ran. (0 ms total)
[  PASSED  ] 1 test.
<end of output>
Test time =   0.01 sec
----------------------------------------------------------
Test Passed.
"LRUCacheTest.ZeroCapacity" end time: May 07 15:00 EDT
"LRUCacheTest.ZeroCapacity" time elapsed: 00:00:00
----------------------------------------------------------

7/13 Testing: LRUCacheTest.UpdateExistingKey
7/13 Test: LRUCacheTest.UpdateExistingKey
Command: "/Users/26ru/CLionProjects/Alcove/build/CacheTests" "--gtest_filter=LRUCacheTest.UpdateExistingKey" "--gtest_also_run_disabled_tests"
Directory: /Users/26ru/CLionProjects/Alcove/build
"LRUCacheTest.UpdateExistingKey" start time: May 07 15:00 EDT
Output:
----------------------------------------------------------
Running main() from /Users/26ru/CLionProjects/Alcove/build/_deps/googletest-src/googletest/src/gtest_main.cc
Note: Google Test filter = LRUCacheTest.UpdateExistingKey
[==========] Running 1 test from 1 test suite.
[----------] Global test environment set-up.
[----------] 1 test from LRUCacheTest
[ RUN      ] LRUCacheTest.UpdateExistingKey
[       OK ] LRUCacheTest.UpdateExistingKey (0 ms)
[----------] 1 test from LRUCacheTest (0 ms total)

[----------] Global test environment tear-down
[==========] 1 test from 1 test suite ran. (0 ms total)
[  PASSED  ] 1 test.
<end of output>
Test time =   0.01 sec
----------------------------------------------------------
Test Passed.
"LRUCacheTest.UpdateExistingKey" end time: May 07 15:00 EDT
"LRUCacheTest.UpdateExistingKey" time elapsed: 00:00:00
----------------------------------------------------------

8/13 Testing: LRUCacheTest.MemoryComputation
8/13 Test: LRUCacheTest.MemoryComputation
Command: "/Users/26ru/CLionProjects/Alcove/build/CacheTests" "--gtest_filter=LRUCacheTest.MemoryComputation" "--gtest_also_run_disabled_tests"
Directory: /Users/26ru/CLionProjects/Alcove/build
"LRUCacheTest.MemoryComputation" start time: May 07 15:00 EDT
Output:
----------------------------------------------------------
Running main() from /Users/26ru/CLionProjects/Alcove/build/_deps/googletest-src/googletest/src/gtest_main.cc
Note: Google Test filter = LRUCacheTest.MemoryComputation
[==========] Running 1 test from 1 test suite.
[----------] Global test environment set-up.
[----------] 1 test from LRUCacheTest
[ RUN      ] LRUCacheTest.MemoryComputation
[       OK ] LRUCacheTest.MemoryComputation (0 ms)
[----------] 1 test from LRUCacheTest (0 ms total)

[----------] Global test environment tear-down
[==========] 1 test from 1 test suite ran. (0 ms total)
[  PASSED  ] 1 test.
<end of output>
Test time =   0.01 sec
----------------------------------------------------------
Test Passed.
"LRUCacheTest.MemoryComputation" end time: May 07 15:00 EDT
"LRUCacheTest.MemoryComputation" time elapsed: 00:00:00
----------------------------------------------------------

9/13 Testing: LFUCacheTest.BasicEviction
9/13 Test: LFUCacheTest.BasicEviction
Command: "/Users/26ru/CLionProjects/Alcove/build/CacheTests" "--gtest_filter=LFUCacheTest.BasicEviction" "--gtest_also_run_disabled_tests"
Directory: /Users/26ru/CLionProjects/Alcove/build
"LFUCacheTest.BasicEviction" start time: May 07 15:00 EDT
Output:
----------------------------------------------------------
Running main() from /Users/26ru/CLionProjects/Alcove/build/_deps/googletest-src/googletest/src/gtest_main.cc
Note: Google Test filter = LFUCacheTest.BasicEviction
[==========] Running 1 test from 1 test suite.
[----------] Global test environment set-up.
[----------] 1 test from LFUCacheTest
[ RUN      ] LFUCacheTest.BasicEviction
[       OK ] LFUCacheTest.BasicEviction (0 ms)
[----------] 1 test from LFUCacheTest (0 ms total)

[----------] Global test environment tear-down
[==========] 1 test from 1 test suite ran. (0 ms total)
[  PASSED  ] 1 test.
<end of output>
Test time =   0.01 sec
----------------------------------------------------------
Test Passed.
"LFUCacheTest.BasicEviction" end time: May 07 15:00 EDT
"LFUCacheTest.BasicEviction" time elapsed: 00:00:00
----------------------------------------------------------

10/13 Testing: LFUCacheTest.ZeroCapacity
10/13 Test: LFUCacheTest.ZeroCapacity
Command: "/Users/26ru/CLionProjects/Alcove/build/CacheTests" "--gtest_filter=LFUCacheTest.ZeroCapacity" "--gtest_also_run_disabled_tests"
Directory: /Users/26ru/CLionProjects/Alcove/build
"LFUCacheTest.ZeroCapacity" start time: May 07 15:00 EDT
Output:
----------------------------------------------------------
Running main() from /Users/26ru/CLionProjects/Alcove/build/_deps/googletest-src/googletest/src/gtest_main.cc
Note: Google Test filter = LFUCacheTest.ZeroCapacity
[==========] Running 1 test from 1 test suite.
[----------] Global test environment set-up.
[----------] 1 test from LFUCacheTest
[ RUN      ] LFUCacheTest.ZeroCapacity
[       OK ] LFUCacheTest.ZeroCapacity (0 ms)
[----------] 1 test from LFUCacheTest (0 ms total)

[----------] Global test environment tear-down
[==========] 1 test from 1 test suite ran. (0 ms total)
[  PASSED  ] 1 test.
<end of output>
Test time =   0.01 sec
----------------------------------------------------------
Test Passed.
"LFUCacheTest.ZeroCapacity" end time: May 07 15:00 EDT
"LFUCacheTest.ZeroCapacity" time elapsed: 00:00:00
----------------------------------------------------------

11/13 Testing: LFUCacheTest.UpdateExistingKey
11/13 Test: LFUCacheTest.UpdateExistingKey
Command: "/Users/26ru/CLionProjects/Alcove/build/CacheTests" "--gtest_filter=LFUCacheTest.UpdateExistingKey" "--gtest_also_run_disabled_tests"
Directory: /Users/26ru/CLionProjects/Alcove/build
"LFUCacheTest.UpdateExistingKey" start time: May 07 15:00 EDT
Output:
----------------------------------------------------------
Running main() from /Users/26ru/CLionProjects/Alcove/build/_deps/googletest-src/googletest/src/gtest_main.cc
Note: Google Test filter = LFUCacheTest.UpdateExistingKey
[==========] Running 1 test from 1 test suite.
[----------] Global test environment set-up.
[----------] 1 test from LFUCacheTest
[ RUN      ] LFUCacheTest.UpdateExistingKey
[       OK ] LFUCacheTest.UpdateExistingKey (0 ms)
[----------] 1 test from LFUCacheTest (0 ms total)

[----------] Global test environment tear-down
[==========] 1 test from 1 test suite ran. (0 ms total)
[  PASSED  ] 1 test.
<end of output>
Test time =   0.01 sec
----------------------------------------------------------
Test Passed.
"LFUCacheTest.UpdateExistingKey" end time: May 07 15:00 EDT
"LFUCacheTest.UpdateExistingKey" time elapsed: 00:00:00
----------------------------------------------------------

12/13 Testing: LFUCacheTest.MemoryComputation
12/13 Test: LFUCacheTest.MemoryComputation
Command: "/Users/26ru/CLionProjects/Alcove/build/CacheTests" "--gtest_filter=LFUCacheTest.MemoryComputation" "--gtest_also_run_disabled_tests"
Directory: /Users/26ru/CLionProjects/Alcove/build
"LFUCacheTest.MemoryComputation" start time: May 07 15:00 EDT
Output:
----------------------------------------------------------
Running main() from /Users/26ru/CLionProjects/Alcove/build/_deps/googletest-src/googletest/src/gtest_main.cc
Note: Google Test filter = LFUCacheTest.MemoryComputation
[==========] Running 1 test from 1 test suite.
[----------] Global test environment set-up.
[----------] 1 test from LFUCacheTest
[ RUN      ] LFUCacheTest.MemoryComputation
[       OK ] LFUCacheTest.MemoryComputation (0 ms)
[----------] 1 test from LFUCacheTest (0 ms total)

[----------] Global test environment tear-down
[==========] 1 test from 1 test suite ran. (0 ms total)
[  PASSED  ] 1 test.
<end of output>
Test time =   0.01 sec
----------------------------------------------------------
Test Passed.
"LFUCacheTest.MemoryComputation" end time: May 07 15:00 EDT
"LFUCacheTest.MemoryComputation" time elapsed: 00:00:00
----------------------------------------------------------

13/13 Testing: StocksProxyTest.KeysQuery
13/13 Test: StocksProxyTest.KeysQuery
Command: "/Users/26ru/CLionProjects/Alcove/build/CacheTests" "--gtest_filter=StocksProxyTest.KeysQuery" "--gtest_also_run_disabled_tests"
Directory: /Users/26ru/CLionProjects/Alcove/build
"StocksProxyTest.KeysQuery" start time: May 07 15:00 EDT
Output:
----------------------------------------------------------
Running main() from /Users/26ru/CLionProjects/Alcove/build/_deps/googletest-src/googletest/src/gtest_main.cc
Note: Google Test filter = StocksProxyTest.KeysQuery
[==========] Running 1 test from 1 test suite.
[----------] Global test environment set-up.
[----------] 1 test from StocksProxyTest
[ RUN      ] StocksProxyTest.KeysQuery
[       OK ] StocksProxyTest.KeysQuery (24308 ms)
[----------] 1 test from StocksProxyTest (24308 ms total)

[----------] Global test environment tear-down
[==========] 1 test from 1 test suite ran. (24308 ms total)
[  PASSED  ] 1 test.
<end of output>
Test time =  24.32 sec
----------------------------------------------------------
Test Passed.
"StocksProxyTest.KeysQuery" end time: May 07 15:00 EDT
"StocksProxyTest.KeysQuery" time elapsed: 00:00:24
----------------------------------------------------------

End testing: May 07 15:00 EDT
